Build output check failed:
    Regex: 'argument .* is not valid'
    Output line: 'cc1: warning: ‘-Werror=’ argument ‘-Werror=non-virtual-dtor’ is not valid for C'
Compilation failed:
    source file: '/home/kookie/Documents/Projects/c++/lib/opencv/opencv/CMakeFiles/CMakeTmp/src.c'
    check option: ' -fsigned-char -W -Wall -Werror=return-type  -Werror=non-virtual-dtor'
===== BUILD LOG =====
Change Dir: /home/kookie/Documents/Projects/c++/lib/opencv/opencv/CMakeFiles/CMakeTmp

Run Build Command(s):/usr/bin/make cmTC_360c8/fast && /usr/bin/make -f CMakeFiles/cmTC_360c8.dir/build.make CMakeFiles/cmTC_360c8.dir/build
make[1]: Entering directory '/home/kookie/Documents/Projects/c++/lib/opencv/opencv/CMakeFiles/CMakeTmp'
Building C object CMakeFiles/cmTC_360c8.dir/src.c.o
/usr/bin/cc   -O3 -DNDEBUG -fPIE    -fsigned-char -W -Wall -Werror=return-type  -Werror=non-virtual-dtor -o CMakeFiles/cmTC_360c8.dir/src.c.o   -c /home/kookie/Documents/Projects/c++/lib/opencv/opencv/CMakeFiles/CMakeTmp/src.c
cc1: warning: ‘-Werror=’ argument ‘-Werror=non-virtual-dtor’ is not valid for C
/home/kookie/Documents/Projects/c++/lib/opencv/opencv/CMakeFiles/CMakeTmp/src.c:1: warning: ignoring #pragma   [-Wunknown-pragmas]
    1 | #pragma
      | 
Linking C executable cmTC_360c8
/usr/bin/cmake -E cmake_link_script CMakeFiles/cmTC_360c8.dir/link.txt --verbose=1
/usr/bin/cc   -O3 -DNDEBUG    CMakeFiles/cmTC_360c8.dir/src.c.o  -o cmTC_360c8 
make[1]: Leaving directory '/home/kookie/Documents/Projects/c++/lib/opencv/opencv/CMakeFiles/CMakeTmp'


===== END =====

Build output check failed:
    Regex: 'command[- ]line option .* is valid for .* but not for C\+\+'
    Output line: 'cc1plus: warning: command line option ‘-Wmissing-prototypes’ is valid for C/ObjC but not for C++'
Compilation failed:
    source file: '/home/kookie/Documents/Projects/c++/lib/opencv/opencv/CMakeFiles/CMakeTmp/src.cxx'
    check option: ' -fsigned-char -W -Wall -Werror=return-type -Werror=non-virtual-dtor -Werror=address -Werror=sequence-point -Wformat -Werror=format-security -Wmissing-declarations  -Wmissing-prototypes'
===== BUILD LOG =====
Change Dir: /home/kookie/Documents/Projects/c++/lib/opencv/opencv/CMakeFiles/CMakeTmp

Run Build Command(s):/usr/bin/make cmTC_7a07e/fast && /usr/bin/make -f CMakeFiles/cmTC_7a07e.dir/build.make CMakeFiles/cmTC_7a07e.dir/build
make[1]: Entering directory '/home/kookie/Documents/Projects/c++/lib/opencv/opencv/CMakeFiles/CMakeTmp'
Building CXX object CMakeFiles/cmTC_7a07e.dir/src.cxx.o
/usr/bin/c++    -O3 -DNDEBUG -fPIE    -fsigned-char -W -Wall -Werror=return-type -Werror=non-virtual-dtor -Werror=address -Werror=sequence-point -Wformat -Werror=format-security -Wmissing-declarations  -Wmissing-prototypes -std=c++11 -o CMakeFiles/cmTC_7a07e.dir/src.cxx.o -c /home/kookie/Documents/Projects/c++/lib/opencv/opencv/CMakeFiles/CMakeTmp/src.cxx
cc1plus: warning: command line option ‘-Wmissing-prototypes’ is valid for C/ObjC but not for C++
/home/kookie/Documents/Projects/c++/lib/opencv/opencv/CMakeFiles/CMakeTmp/src.cxx:1: warning: ignoring #pragma   [-Wunknown-pragmas]
    1 | #pragma
      | 
Linking CXX executable cmTC_7a07e
/usr/bin/cmake -E cmake_link_script CMakeFiles/cmTC_7a07e.dir/link.txt --verbose=1
/usr/bin/c++    -O3 -DNDEBUG    CMakeFiles/cmTC_7a07e.dir/src.cxx.o  -o cmTC_7a07e 
make[1]: Leaving directory '/home/kookie/Documents/Projects/c++/lib/opencv/opencv/CMakeFiles/CMakeTmp'


===== END =====

Build output check failed:
    Regex: 'command[- ]line option .* is valid for .* but not for C\+\+'
    Output line: 'cc1plus: warning: command line option ‘-Wstrict-prototypes’ is valid for C/ObjC but not for C++'
Compilation failed:
    source file: '/home/kookie/Documents/Projects/c++/lib/opencv/opencv/CMakeFiles/CMakeTmp/src.cxx'
    check option: ' -fsigned-char -W -Wall -Werror=return-type -Werror=non-virtual-dtor -Werror=address -Werror=sequence-point -Wformat -Werror=format-security -Wmissing-declarations  -Wstrict-prototypes'
===== BUILD LOG =====
Change Dir: /home/kookie/Documents/Projects/c++/lib/opencv/opencv/CMakeFiles/CMakeTmp

Run Build Command(s):/usr/bin/make cmTC_8eafe/fast && /usr/bin/make -f CMakeFiles/cmTC_8eafe.dir/build.make CMakeFiles/cmTC_8eafe.dir/build
make[1]: Entering directory '/home/kookie/Documents/Projects/c++/lib/opencv/opencv/CMakeFiles/CMakeTmp'
Building CXX object CMakeFiles/cmTC_8eafe.dir/src.cxx.o
/usr/bin/c++    -O3 -DNDEBUG -fPIE    -fsigned-char -W -Wall -Werror=return-type -Werror=non-virtual-dtor -Werror=address -Werror=sequence-point -Wformat -Werror=format-security -Wmissing-declarations  -Wstrict-prototypes -std=c++11 -o CMakeFiles/cmTC_8eafe.dir/src.cxx.o -c /home/kookie/Documents/Projects/c++/lib/opencv/opencv/CMakeFiles/CMakeTmp/src.cxx
cc1plus: warning: command line option ‘-Wstrict-prototypes’ is valid for C/ObjC but not for C++
/home/kookie/Documents/Projects/c++/lib/opencv/opencv/CMakeFiles/CMakeTmp/src.cxx:1: warning: ignoring #pragma   [-Wunknown-pragmas]
    1 | #pragma
      | 
Linking CXX executable cmTC_8eafe
/usr/bin/cmake -E cmake_link_script CMakeFiles/cmTC_8eafe.dir/link.txt --verbose=1
/usr/bin/c++    -O3 -DNDEBUG    CMakeFiles/cmTC_8eafe.dir/src.cxx.o  -o cmTC_8eafe 
make[1]: Leaving directory '/home/kookie/Documents/Projects/c++/lib/opencv/opencv/CMakeFiles/CMakeTmp'


===== END =====

Build output check failed:
    Regex: 'command[- ]line option .* is valid for .* but not for C'
    Output line: 'cc1: warning: command line option ‘-Wsign-promo’ is valid for C++/ObjC++ but not for C'
Compilation failed:
    source file: '/home/kookie/Documents/Projects/c++/lib/opencv/opencv/CMakeFiles/CMakeTmp/src.c'
    check option: ' -fsigned-char -W -Wall -Werror=return-type -Werror=address -Werror=sequence-point -Wformat -Werror=format-security -Wmissing-declarations -Wmissing-prototypes -Wstrict-prototypes -Wundef -Winit-self -Wpointer-arith -Wshadow  -Wsign-promo'
===== BUILD LOG =====
Change Dir: /home/kookie/Documents/Projects/c++/lib/opencv/opencv/CMakeFiles/CMakeTmp

Run Build Command(s):/usr/bin/make cmTC_07e67/fast && /usr/bin/make -f CMakeFiles/cmTC_07e67.dir/build.make CMakeFiles/cmTC_07e67.dir/build
make[1]: Entering directory '/home/kookie/Documents/Projects/c++/lib/opencv/opencv/CMakeFiles/CMakeTmp'
Building C object CMakeFiles/cmTC_07e67.dir/src.c.o
/usr/bin/cc   -O3 -DNDEBUG -fPIE    -fsigned-char -W -Wall -Werror=return-type -Werror=address -Werror=sequence-point -Wformat -Werror=format-security -Wmissing-declarations -Wmissing-prototypes -Wstrict-prototypes -Wundef -Winit-self -Wpointer-arith -Wshadow  -Wsign-promo -o CMakeFiles/cmTC_07e67.dir/src.c.o   -c /home/kookie/Documents/Projects/c++/lib/opencv/opencv/CMakeFiles/CMakeTmp/src.c
cc1: warning: command line option ‘-Wsign-promo’ is valid for C++/ObjC++ but not for C
/home/kookie/Documents/Projects/c++/lib/opencv/opencv/CMakeFiles/CMakeTmp/src.c:1: warning: ignoring #pragma   [-Wunknown-pragmas]
    1 | #pragma
      | 
Linking C executable cmTC_07e67
/usr/bin/cmake -E cmake_link_script CMakeFiles/cmTC_07e67.dir/link.txt --verbose=1
/usr/bin/cc   -O3 -DNDEBUG    CMakeFiles/cmTC_07e67.dir/src.c.o  -o cmTC_07e67 
make[1]: Leaving directory '/home/kookie/Documents/Projects/c++/lib/opencv/opencv/CMakeFiles/CMakeTmp'


===== END =====

Build output check failed:
    Regex: 'command[- ]line option .* is valid for .* but not for C'
    Output line: 'cc1: warning: command line option ‘-Wsuggest-override’ is valid for C++/ObjC++ but not for C'
Compilation failed:
    source file: '/home/kookie/Documents/Projects/c++/lib/opencv/opencv/CMakeFiles/CMakeTmp/src.c'
    check option: ' -fsigned-char -W -Wall -Werror=return-type -Werror=address -Werror=sequence-point -Wformat -Werror=format-security -Wmissing-declarations -Wmissing-prototypes -Wstrict-prototypes -Wundef -Winit-self -Wpointer-arith -Wshadow -Wuninitialized  -Wsuggest-override'
===== BUILD LOG =====
Change Dir: /home/kookie/Documents/Projects/c++/lib/opencv/opencv/CMakeFiles/CMakeTmp

Run Build Command(s):/usr/bin/make cmTC_926d2/fast && /usr/bin/make -f CMakeFiles/cmTC_926d2.dir/build.make CMakeFiles/cmTC_926d2.dir/build
make[1]: Entering directory '/home/kookie/Documents/Projects/c++/lib/opencv/opencv/CMakeFiles/CMakeTmp'
Building C object CMakeFiles/cmTC_926d2.dir/src.c.o
/usr/bin/cc   -O3 -DNDEBUG -fPIE    -fsigned-char -W -Wall -Werror=return-type -Werror=address -Werror=sequence-point -Wformat -Werror=format-security -Wmissing-declarations -Wmissing-prototypes -Wstrict-prototypes -Wundef -Winit-self -Wpointer-arith -Wshadow -Wuninitialized  -Wsuggest-override -o CMakeFiles/cmTC_926d2.dir/src.c.o   -c /home/kookie/Documents/Projects/c++/lib/opencv/opencv/CMakeFiles/CMakeTmp/src.c
cc1: warning: command line option ‘-Wsuggest-override’ is valid for C++/ObjC++ but not for C
/home/kookie/Documents/Projects/c++/lib/opencv/opencv/CMakeFiles/CMakeTmp/src.c:1: warning: ignoring #pragma   [-Wunknown-pragmas]
    1 | #pragma
      | 
Linking C executable cmTC_926d2
/usr/bin/cmake -E cmake_link_script CMakeFiles/cmTC_926d2.dir/link.txt --verbose=1
/usr/bin/cc   -O3 -DNDEBUG    CMakeFiles/cmTC_926d2.dir/src.c.o  -o cmTC_926d2 
make[1]: Leaving directory '/home/kookie/Documents/Projects/c++/lib/opencv/opencv/CMakeFiles/CMakeTmp'


===== END =====

Build output check failed:
    Regex: 'command[- ]line option .* is valid for .* but not for C'
    Output line: 'cc1: warning: command line option ‘-Wno-delete-non-virtual-dtor’ is valid for C++/ObjC++ but not for C'
Compilation failed:
    source file: '/home/kookie/Documents/Projects/c++/lib/opencv/opencv/CMakeFiles/CMakeTmp/src.c'
    check option: ' -fsigned-char -W -Wall -Werror=return-type -Werror=address -Werror=sequence-point -Wformat -Werror=format-security -Wmissing-declarations -Wmissing-prototypes -Wstrict-prototypes -Wundef -Winit-self -Wpointer-arith -Wshadow -Wuninitialized  -Wno-delete-non-virtual-dtor'
===== BUILD LOG =====
Change Dir: /home/kookie/Documents/Projects/c++/lib/opencv/opencv/CMakeFiles/CMakeTmp

Run Build Command(s):/usr/bin/make cmTC_3c0dc/fast && /usr/bin/make -f CMakeFiles/cmTC_3c0dc.dir/build.make CMakeFiles/cmTC_3c0dc.dir/build
make[1]: Entering directory '/home/kookie/Documents/Projects/c++/lib/opencv/opencv/CMakeFiles/CMakeTmp'
Building C object CMakeFiles/cmTC_3c0dc.dir/src.c.o
/usr/bin/cc   -O3 -DNDEBUG -fPIE    -fsigned-char -W -Wall -Werror=return-type -Werror=address -Werror=sequence-point -Wformat -Werror=format-security -Wmissing-declarations -Wmissing-prototypes -Wstrict-prototypes -Wundef -Winit-self -Wpointer-arith -Wshadow -Wuninitialized  -Wno-delete-non-virtual-dtor -o CMakeFiles/cmTC_3c0dc.dir/src.c.o   -c /home/kookie/Documents/Projects/c++/lib/opencv/opencv/CMakeFiles/CMakeTmp/src.c
cc1: warning: command line option ‘-Wno-delete-non-virtual-dtor’ is valid for C++/ObjC++ but not for C
/home/kookie/Documents/Projects/c++/lib/opencv/opencv/CMakeFiles/CMakeTmp/src.c:1: warning: ignoring #pragma   [-Wunknown-pragmas]
    1 | #pragma
      | 
Linking C executable cmTC_3c0dc
/usr/bin/cmake -E cmake_link_script CMakeFiles/cmTC_3c0dc.dir/link.txt --verbose=1
/usr/bin/cc   -O3 -DNDEBUG    CMakeFiles/cmTC_3c0dc.dir/src.c.o  -o cmTC_3c0dc 
make[1]: Leaving directory '/home/kookie/Documents/Projects/c++/lib/opencv/opencv/CMakeFiles/CMakeTmp'


===== END =====

Build output check failed:
    Regex: 'unrecognized .*option'
    Output line: 'cc1plus: warning: unrecognized command line option ‘-Wno-unnamed-type-template-args’'
Compilation failed:
    source file: '/home/kookie/Documents/Projects/c++/lib/opencv/opencv/CMakeFiles/CMakeTmp/src.cxx'
    check option: ' -fsigned-char -W -Wall -Werror=return-type -Werror=non-virtual-dtor -Werror=address -Werror=sequence-point -Wformat -Werror=format-security -Wmissing-declarations -Wundef -Winit-self -Wpointer-arith -Wshadow -Wsign-promo -Wuninitialized -Wsuggest-override -Wno-delete-non-virtual-dtor  -Wno-unnamed-type-template-args'
===== BUILD LOG =====
Change Dir: /home/kookie/Documents/Projects/c++/lib/opencv/opencv/CMakeFiles/CMakeTmp

Run Build Command(s):/usr/bin/make cmTC_ef321/fast && /usr/bin/make -f CMakeFiles/cmTC_ef321.dir/build.make CMakeFiles/cmTC_ef321.dir/build
make[1]: Entering directory '/home/kookie/Documents/Projects/c++/lib/opencv/opencv/CMakeFiles/CMakeTmp'
Building CXX object CMakeFiles/cmTC_ef321.dir/src.cxx.o
/usr/bin/c++    -O3 -DNDEBUG -fPIE    -fsigned-char -W -Wall -Werror=return-type -Werror=non-virtual-dtor -Werror=address -Werror=sequence-point -Wformat -Werror=format-security -Wmissing-declarations -Wundef -Winit-self -Wpointer-arith -Wshadow -Wsign-promo -Wuninitialized -Wsuggest-override -Wno-delete-non-virtual-dtor  -Wno-unnamed-type-template-args -std=c++11 -o CMakeFiles/cmTC_ef321.dir/src.cxx.o -c /home/kookie/Documents/Projects/c++/lib/opencv/opencv/CMakeFiles/CMakeTmp/src.cxx
/home/kookie/Documents/Projects/c++/lib/opencv/opencv/CMakeFiles/CMakeTmp/src.cxx:1: warning: ignoring #pragma   [-Wunknown-pragmas]
    1 | #pragma
      | 
cc1plus: warning: unrecognized command line option ‘-Wno-unnamed-type-template-args’
Linking CXX executable cmTC_ef321
/usr/bin/cmake -E cmake_link_script CMakeFiles/cmTC_ef321.dir/link.txt --verbose=1
/usr/bin/c++    -O3 -DNDEBUG    CMakeFiles/cmTC_ef321.dir/src.cxx.o  -o cmTC_ef321 
make[1]: Leaving directory '/home/kookie/Documents/Projects/c++/lib/opencv/opencv/CMakeFiles/CMakeTmp'


===== END =====

Build output check failed:
    Regex: 'unrecognized .*option'
    Output line: 'cc1: warning: unrecognized command line option ‘-Wno-unnamed-type-template-args’'
Compilation failed:
    source file: '/home/kookie/Documents/Projects/c++/lib/opencv/opencv/CMakeFiles/CMakeTmp/src.c'
    check option: ' -fsigned-char -W -Wall -Werror=return-type -Werror=address -Werror=sequence-point -Wformat -Werror=format-security -Wmissing-declarations -Wmissing-prototypes -Wstrict-prototypes -Wundef -Winit-self -Wpointer-arith -Wshadow -Wuninitialized  -Wno-unnamed-type-template-args'
===== BUILD LOG =====
Change Dir: /home/kookie/Documents/Projects/c++/lib/opencv/opencv/CMakeFiles/CMakeTmp

Run Build Command(s):/usr/bin/make cmTC_27c07/fast && /usr/bin/make -f CMakeFiles/cmTC_27c07.dir/build.make CMakeFiles/cmTC_27c07.dir/build
make[1]: Entering directory '/home/kookie/Documents/Projects/c++/lib/opencv/opencv/CMakeFiles/CMakeTmp'
Building C object CMakeFiles/cmTC_27c07.dir/src.c.o
/usr/bin/cc   -O3 -DNDEBUG -fPIE    -fsigned-char -W -Wall -Werror=return-type -Werror=address -Werror=sequence-point -Wformat -Werror=format-security -Wmissing-declarations -Wmissing-prototypes -Wstrict-prototypes -Wundef -Winit-self -Wpointer-arith -Wshadow -Wuninitialized  -Wno-unnamed-type-template-args -o CMakeFiles/cmTC_27c07.dir/src.c.o   -c /home/kookie/Documents/Projects/c++/lib/opencv/opencv/CMakeFiles/CMakeTmp/src.c
/home/kookie/Documents/Projects/c++/lib/opencv/opencv/CMakeFiles/CMakeTmp/src.c:1: warning: ignoring #pragma   [-Wunknown-pragmas]
    1 | #pragma
      | 
cc1: warning: unrecognized command line option ‘-Wno-unnamed-type-template-args’
Linking C executable cmTC_27c07
/usr/bin/cmake -E cmake_link_script CMakeFiles/cmTC_27c07.dir/link.txt --verbose=1
/usr/bin/cc   -O3 -DNDEBUG    CMakeFiles/cmTC_27c07.dir/src.c.o  -o cmTC_27c07 
make[1]: Leaving directory '/home/kookie/Documents/Projects/c++/lib/opencv/opencv/CMakeFiles/CMakeTmp'


===== END =====

Build output check failed:
    Regex: 'command[- ]line option .* is valid for .* but not for C'
    Output line: 'cc1: warning: command line option ‘-fvisibility-inlines-hidden’ is valid for C++/ObjC++ but not for C'
Compilation failed:
    source file: '/home/kookie/Documents/Projects/c++/lib/opencv/opencv/CMakeFiles/CMakeTmp/src.c'
    check option: ' -fsigned-char -W -Wall -Werror=return-type -Werror=address -Werror=sequence-point -Wformat -Werror=format-security -Wmissing-declarations -Wmissing-prototypes -Wstrict-prototypes -Wundef -Winit-self -Wpointer-arith -Wshadow -Wuninitialized -Wno-comment -Wimplicit-fallthrough=3 -Wno-strict-overflow -fdiagnostics-show-option -Wno-long-long -pthread -fomit-frame-pointer -ffunction-sections -fdata-sections  -msse -msse2 -msse3 -fvisibility=hidden  -fvisibility-inlines-hidden'
===== BUILD LOG =====
Change Dir: /home/kookie/Documents/Projects/c++/lib/opencv/opencv/CMakeFiles/CMakeTmp

Run Build Command(s):/usr/bin/make cmTC_4cd0c/fast && /usr/bin/make -f CMakeFiles/cmTC_4cd0c.dir/build.make CMakeFiles/cmTC_4cd0c.dir/build
make[1]: Entering directory '/home/kookie/Documents/Projects/c++/lib/opencv/opencv/CMakeFiles/CMakeTmp'
Building C object CMakeFiles/cmTC_4cd0c.dir/src.c.o
/usr/bin/cc   -O3 -DNDEBUG -fPIE    -fsigned-char -W -Wall -Werror=return-type -Werror=address -Werror=sequence-point -Wformat -Werror=format-security -Wmissing-declarations -Wmissing-prototypes -Wstrict-prototypes -Wundef -Winit-self -Wpointer-arith -Wshadow -Wuninitialized -Wno-comment -Wimplicit-fallthrough=3 -Wno-strict-overflow -fdiagnostics-show-option -Wno-long-long -pthread -fomit-frame-pointer -ffunction-sections -fdata-sections  -msse -msse2 -msse3 -fvisibility=hidden  -fvisibility-inlines-hidden -o CMakeFiles/cmTC_4cd0c.dir/src.c.o   -c /home/kookie/Documents/Projects/c++/lib/opencv/opencv/CMakeFiles/CMakeTmp/src.c
cc1: warning: command line option ‘-fvisibility-inlines-hidden’ is valid for C++/ObjC++ but not for C
/home/kookie/Documents/Projects/c++/lib/opencv/opencv/CMakeFiles/CMakeTmp/src.c:1: warning: ignoring #pragma   [-Wunknown-pragmas]
    1 | #pragma
      | 
Linking C executable cmTC_4cd0c
/usr/bin/cmake -E cmake_link_script CMakeFiles/cmTC_4cd0c.dir/link.txt --verbose=1
/usr/bin/cc   -O3 -DNDEBUG    CMakeFiles/cmTC_4cd0c.dir/src.c.o  -o cmTC_4cd0c 
make[1]: Leaving directory '/home/kookie/Documents/Projects/c++/lib/opencv/opencv/CMakeFiles/CMakeTmp'


===== END =====

Build output check failed:
    Regex: 'unrecognized .*option'
    Output line: 'cc1: warning: unrecognized command line option ‘-Wno-shorten-64-to-32’'
Compilation failed:
    source file: '/home/kookie/Documents/Projects/c++/lib/opencv/opencv/CMakeFiles/CMakeTmp/src.c'
    check option: ' -Wno-shorten-64-to-32'
===== BUILD LOG =====
Change Dir: /home/kookie/Documents/Projects/c++/lib/opencv/opencv/CMakeFiles/CMakeTmp

Run Build Command(s):/usr/bin/make cmTC_5e987/fast && /usr/bin/make -f CMakeFiles/cmTC_5e987.dir/build.make CMakeFiles/cmTC_5e987.dir/build
make[1]: Entering directory '/home/kookie/Documents/Projects/c++/lib/opencv/opencv/CMakeFiles/CMakeTmp'
Building C object CMakeFiles/cmTC_5e987.dir/src.c.o
/usr/bin/cc   -fsigned-char -W -Wall -Werror=return-type -Werror=address -Werror=sequence-point -Wformat -Werror=format-security -Wmissing-declarations -Wmissing-prototypes -Wstrict-prototypes -Wundef -Winit-self -Wpointer-arith -Wshadow -Wuninitialized -Wno-comment -Wimplicit-fallthrough=3 -Wno-strict-overflow -fdiagnostics-show-option -Wno-long-long -pthread -fomit-frame-pointer -ffunction-sections -fdata-sections  -msse -msse2 -msse3 -fvisibility=hidden -Wno-unused-parameter -Wno-sign-compare  -O3 -DNDEBUG  -DNDEBUG -fPIE    -Wno-shorten-64-to-32 -o CMakeFiles/cmTC_5e987.dir/src.c.o   -c /home/kookie/Documents/Projects/c++/lib/opencv/opencv/CMakeFiles/CMakeTmp/src.c
/home/kookie/Documents/Projects/c++/lib/opencv/opencv/CMakeFiles/CMakeTmp/src.c:1: warning: ignoring #pragma   [-Wunknown-pragmas]
    1 | #pragma
      | 
cc1: warning: unrecognized command line option ‘-Wno-shorten-64-to-32’
Linking C executable cmTC_5e987
/usr/bin/cmake -E cmake_link_script CMakeFiles/cmTC_5e987.dir/link.txt --verbose=1
/usr/bin/cc    -fsigned-char -W -Wall -Werror=return-type -Werror=address -Werror=sequence-point -Wformat -Werror=format-security -Wmissing-declarations -Wmissing-prototypes -Wstrict-prototypes -Wundef -Winit-self -Wpointer-arith -Wshadow -Wuninitialized -Wno-comment -Wimplicit-fallthrough=3 -Wno-strict-overflow -fdiagnostics-show-option -Wno-long-long -pthread -fomit-frame-pointer -ffunction-sections -fdata-sections  -msse -msse2 -msse3 -fvisibility=hidden -Wno-unused-parameter -Wno-sign-compare  -O3 -DNDEBUG  -DNDEBUG    -Wl,--gc-sections -Wl,--as-needed  CMakeFiles/cmTC_5e987.dir/src.c.o  -o cmTC_5e987 
make[1]: Leaving directory '/home/kookie/Documents/Projects/c++/lib/opencv/opencv/CMakeFiles/CMakeTmp'


===== END =====

Determining if the include file io.h exists failed with the following output:
Change Dir: /home/kookie/Documents/Projects/c++/lib/opencv/opencv/CMakeFiles/CMakeTmp

Run Build Command(s):/usr/bin/make cmTC_a8ea5/fast && /usr/bin/make -f CMakeFiles/cmTC_a8ea5.dir/build.make CMakeFiles/cmTC_a8ea5.dir/build
make[1]: Entering directory '/home/kookie/Documents/Projects/c++/lib/opencv/opencv/CMakeFiles/CMakeTmp'
Building C object CMakeFiles/cmTC_a8ea5.dir/CheckIncludeFile.c.o
/usr/bin/cc   -fsigned-char -W -Wall -Werror=return-type -Werror=address -Werror=sequence-point -Wformat -Werror=format-security -Wmissing-declarations -Wmissing-prototypes -Wstrict-prototypes -Wundef -Winit-self -Wpointer-arith -Wshadow -Wuninitialized -Wno-comment -Wimplicit-fallthrough=3 -Wno-strict-overflow -fdiagnostics-show-option -Wno-long-long -pthread -fomit-frame-pointer -ffunction-sections -fdata-sections  -msse -msse2 -msse3 -fvisibility=hidden  -O3 -DNDEBUG  -DNDEBUG -fPIE   -o CMakeFiles/cmTC_a8ea5.dir/CheckIncludeFile.c.o   -c /home/kookie/Documents/Projects/c++/lib/opencv/opencv/CMakeFiles/CMakeTmp/CheckIncludeFile.c
/home/kookie/Documents/Projects/c++/lib/opencv/opencv/CMakeFiles/CMakeTmp/CheckIncludeFile.c:1:10: fatal error: io.h: No such file or directory
    1 | #include <io.h>
      |          ^~~~~~
compilation terminated.
make[1]: *** [CMakeFiles/cmTC_a8ea5.dir/build.make:66: CMakeFiles/cmTC_a8ea5.dir/CheckIncludeFile.c.o] Error 1
make[1]: Leaving directory '/home/kookie/Documents/Projects/c++/lib/opencv/opencv/CMakeFiles/CMakeTmp'
make: *** [Makefile:121: cmTC_a8ea5/fast] Error 2



Determining size of INT8 failed with the following output:
Change Dir: /home/kookie/Documents/Projects/c++/lib/opencv/opencv/CMakeFiles/CMakeTmp

Run Build Command(s):/usr/bin/make cmTC_0379f/fast && /usr/bin/make -f CMakeFiles/cmTC_0379f.dir/build.make CMakeFiles/cmTC_0379f.dir/build
make[1]: Entering directory '/home/kookie/Documents/Projects/c++/lib/opencv/opencv/CMakeFiles/CMakeTmp'
Building C object CMakeFiles/cmTC_0379f.dir/int8.c.o
/usr/bin/cc   -fsigned-char -W -Wall -Werror=return-type -Werror=address -Werror=sequence-point -Wformat -Werror=format-security -Wmissing-declarations -Wmissing-prototypes -Wstrict-prototypes -Wundef -Winit-self -Wpointer-arith -Wshadow -Wuninitialized -Wno-comment -Wimplicit-fallthrough=3 -Wno-strict-overflow -fdiagnostics-show-option -Wno-long-long -pthread -fomit-frame-pointer -ffunction-sections -fdata-sections  -msse -msse2 -msse3 -fvisibility=hidden  -O3 -DNDEBUG  -DNDEBUG -fPIE   -o CMakeFiles/cmTC_0379f.dir/int8.c.o   -c /home/kookie/Documents/Projects/c++/lib/opencv/opencv/CMakeFiles/CheckTypeSize/int8.c
/home/kookie/Documents/Projects/c++/lib/opencv/opencv/CMakeFiles/CheckTypeSize/int8.c:23:22: error: ‘INT8’ undeclared here (not in a function); did you mean ‘INT8_C’?
   23 | #define SIZE (sizeof(INT8))
      |                      ^~~~
/home/kookie/Documents/Projects/c++/lib/opencv/opencv/CMakeFiles/CheckTypeSize/int8.c:25:12: note: in expansion of macro ‘SIZE’
   25 |   ('0' + ((SIZE / 10000)%10)),
      |            ^~~~
make[1]: *** [CMakeFiles/cmTC_0379f.dir/build.make:66: CMakeFiles/cmTC_0379f.dir/int8.c.o] Error 1
make[1]: Leaving directory '/home/kookie/Documents/Projects/c++/lib/opencv/opencv/CMakeFiles/CMakeTmp'
make: *** [Makefile:121: cmTC_0379f/fast] Error 2


/home/kookie/Documents/Projects/c++/lib/opencv/opencv/CMakeFiles/CheckTypeSize/int8.c:
#include <sys/types.h>
#include <stdint.h>
#include <stddef.h>


#undef KEY
#if defined(__i386)
# define KEY '_','_','i','3','8','6'
#elif defined(__x86_64)
# define KEY '_','_','x','8','6','_','6','4'
#elif defined(__ppc__)
# define KEY '_','_','p','p','c','_','_'
#elif defined(__ppc64__)
# define KEY '_','_','p','p','c','6','4','_','_'
#elif defined(__aarch64__)
# define KEY '_','_','a','a','r','c','h','6','4','_','_'
#elif defined(__ARM_ARCH_7A__)
# define KEY '_','_','A','R','M','_','A','R','C','H','_','7','A','_','_'
#elif defined(__ARM_ARCH_7S__)
# define KEY '_','_','A','R','M','_','A','R','C','H','_','7','S','_','_'
#endif

#define SIZE (sizeof(INT8))
static char info_size[] =  {'I', 'N', 'F', 'O', ':', 's','i','z','e','[',
  ('0' + ((SIZE / 10000)%10)),
  ('0' + ((SIZE / 1000)%10)),
  ('0' + ((SIZE / 100)%10)),
  ('0' + ((SIZE / 10)%10)),
  ('0' +  (SIZE    % 10)),
  ']',
#ifdef KEY
  ' ','k','e','y','[', KEY, ']',
#endif
  '\0'};

#ifdef __CLASSIC_C__
int main(argc, argv) int argc; char *argv[];
#else
int main(int argc, char *argv[])
#endif
{
  int require = 0;
  require += info_size[argc];
  (void)argv;
  return require;
}


Determining size of INT16 failed with the following output:
Change Dir: /home/kookie/Documents/Projects/c++/lib/opencv/opencv/CMakeFiles/CMakeTmp

Run Build Command(s):/usr/bin/make cmTC_15c79/fast && /usr/bin/make -f CMakeFiles/cmTC_15c79.dir/build.make CMakeFiles/cmTC_15c79.dir/build
make[1]: Entering directory '/home/kookie/Documents/Projects/c++/lib/opencv/opencv/CMakeFiles/CMakeTmp'
Building C object CMakeFiles/cmTC_15c79.dir/int16.c.o
/usr/bin/cc   -fsigned-char -W -Wall -Werror=return-type -Werror=address -Werror=sequence-point -Wformat -Werror=format-security -Wmissing-declarations -Wmissing-prototypes -Wstrict-prototypes -Wundef -Winit-self -Wpointer-arith -Wshadow -Wuninitialized -Wno-comment -Wimplicit-fallthrough=3 -Wno-strict-overflow -fdiagnostics-show-option -Wno-long-long -pthread -fomit-frame-pointer -ffunction-sections -fdata-sections  -msse -msse2 -msse3 -fvisibility=hidden  -O3 -DNDEBUG  -DNDEBUG -fPIE   -o CMakeFiles/cmTC_15c79.dir/int16.c.o   -c /home/kookie/Documents/Projects/c++/lib/opencv/opencv/CMakeFiles/CheckTypeSize/int16.c
/home/kookie/Documents/Projects/c++/lib/opencv/opencv/CMakeFiles/CheckTypeSize/int16.c:23:22: error: ‘INT16’ undeclared here (not in a function); did you mean ‘INT16_C’?
   23 | #define SIZE (sizeof(INT16))
      |                      ^~~~~
/home/kookie/Documents/Projects/c++/lib/opencv/opencv/CMakeFiles/CheckTypeSize/int16.c:25:12: note: in expansion of macro ‘SIZE’
   25 |   ('0' + ((SIZE / 10000)%10)),
      |            ^~~~
make[1]: *** [CMakeFiles/cmTC_15c79.dir/build.make:66: CMakeFiles/cmTC_15c79.dir/int16.c.o] Error 1
make[1]: Leaving directory '/home/kookie/Documents/Projects/c++/lib/opencv/opencv/CMakeFiles/CMakeTmp'
make: *** [Makefile:121: cmTC_15c79/fast] Error 2


/home/kookie/Documents/Projects/c++/lib/opencv/opencv/CMakeFiles/CheckTypeSize/int16.c:
#include <sys/types.h>
#include <stdint.h>
#include <stddef.h>


#undef KEY
#if defined(__i386)
# define KEY '_','_','i','3','8','6'
#elif defined(__x86_64)
# define KEY '_','_','x','8','6','_','6','4'
#elif defined(__ppc__)
# define KEY '_','_','p','p','c','_','_'
#elif defined(__ppc64__)
# define KEY '_','_','p','p','c','6','4','_','_'
#elif defined(__aarch64__)
# define KEY '_','_','a','a','r','c','h','6','4','_','_'
#elif defined(__ARM_ARCH_7A__)
# define KEY '_','_','A','R','M','_','A','R','C','H','_','7','A','_','_'
#elif defined(__ARM_ARCH_7S__)
# define KEY '_','_','A','R','M','_','A','R','C','H','_','7','S','_','_'
#endif

#define SIZE (sizeof(INT16))
static char info_size[] =  {'I', 'N', 'F', 'O', ':', 's','i','z','e','[',
  ('0' + ((SIZE / 10000)%10)),
  ('0' + ((SIZE / 1000)%10)),
  ('0' + ((SIZE / 100)%10)),
  ('0' + ((SIZE / 10)%10)),
  ('0' +  (SIZE    % 10)),
  ']',
#ifdef KEY
  ' ','k','e','y','[', KEY, ']',
#endif
  '\0'};

#ifdef __CLASSIC_C__
int main(argc, argv) int argc; char *argv[];
#else
int main(int argc, char *argv[])
#endif
{
  int require = 0;
  require += info_size[argc];
  (void)argv;
  return require;
}


Determining size of INT32 failed with the following output:
Change Dir: /home/kookie/Documents/Projects/c++/lib/opencv/opencv/CMakeFiles/CMakeTmp

Run Build Command(s):/usr/bin/make cmTC_61524/fast && /usr/bin/make -f CMakeFiles/cmTC_61524.dir/build.make CMakeFiles/cmTC_61524.dir/build
make[1]: Entering directory '/home/kookie/Documents/Projects/c++/lib/opencv/opencv/CMakeFiles/CMakeTmp'
Building C object CMakeFiles/cmTC_61524.dir/int32.c.o
/usr/bin/cc   -fsigned-char -W -Wall -Werror=return-type -Werror=address -Werror=sequence-point -Wformat -Werror=format-security -Wmissing-declarations -Wmissing-prototypes -Wstrict-prototypes -Wundef -Winit-self -Wpointer-arith -Wshadow -Wuninitialized -Wno-comment -Wimplicit-fallthrough=3 -Wno-strict-overflow -fdiagnostics-show-option -Wno-long-long -pthread -fomit-frame-pointer -ffunction-sections -fdata-sections  -msse -msse2 -msse3 -fvisibility=hidden  -O3 -DNDEBUG  -DNDEBUG -fPIE   -o CMakeFiles/cmTC_61524.dir/int32.c.o   -c /home/kookie/Documents/Projects/c++/lib/opencv/opencv/CMakeFiles/CheckTypeSize/int32.c
/home/kookie/Documents/Projects/c++/lib/opencv/opencv/CMakeFiles/CheckTypeSize/int32.c:23:22: error: ‘INT32’ undeclared here (not in a function); did you mean ‘INT32_C’?
   23 | #define SIZE (sizeof(INT32))
      |                      ^~~~~
/home/kookie/Documents/Projects/c++/lib/opencv/opencv/CMakeFiles/CheckTypeSize/int32.c:25:12: note: in expansion of macro ‘SIZE’
   25 |   ('0' + ((SIZE / 10000)%10)),
      |            ^~~~
make[1]: *** [CMakeFiles/cmTC_61524.dir/build.make:66: CMakeFiles/cmTC_61524.dir/int32.c.o] Error 1
make[1]: Leaving directory '/home/kookie/Documents/Projects/c++/lib/opencv/opencv/CMakeFiles/CMakeTmp'
make: *** [Makefile:121: cmTC_61524/fast] Error 2


/home/kookie/Documents/Projects/c++/lib/opencv/opencv/CMakeFiles/CheckTypeSize/int32.c:
#include <sys/types.h>
#include <stdint.h>
#include <stddef.h>


#undef KEY
#if defined(__i386)
# define KEY '_','_','i','3','8','6'
#elif defined(__x86_64)
# define KEY '_','_','x','8','6','_','6','4'
#elif defined(__ppc__)
# define KEY '_','_','p','p','c','_','_'
#elif defined(__ppc64__)
# define KEY '_','_','p','p','c','6','4','_','_'
#elif defined(__aarch64__)
# define KEY '_','_','a','a','r','c','h','6','4','_','_'
#elif defined(__ARM_ARCH_7A__)
# define KEY '_','_','A','R','M','_','A','R','C','H','_','7','A','_','_'
#elif defined(__ARM_ARCH_7S__)
# define KEY '_','_','A','R','M','_','A','R','C','H','_','7','S','_','_'
#endif

#define SIZE (sizeof(INT32))
static char info_size[] =  {'I', 'N', 'F', 'O', ':', 's','i','z','e','[',
  ('0' + ((SIZE / 10000)%10)),
  ('0' + ((SIZE / 1000)%10)),
  ('0' + ((SIZE / 100)%10)),
  ('0' + ((SIZE / 10)%10)),
  ('0' +  (SIZE    % 10)),
  ']',
#ifdef KEY
  ' ','k','e','y','[', KEY, ']',
#endif
  '\0'};

#ifdef __CLASSIC_C__
int main(argc, argv) int argc; char *argv[];
#else
int main(int argc, char *argv[])
#endif
{
  int require = 0;
  require += info_size[argc];
  (void)argv;
  return require;
}


Determining if the function setmode exists failed with the following output:
Change Dir: /home/kookie/Documents/Projects/c++/lib/opencv/opencv/CMakeFiles/CMakeTmp

Run Build Command(s):/usr/bin/make cmTC_2d0a2/fast && /usr/bin/make -f CMakeFiles/cmTC_2d0a2.dir/build.make CMakeFiles/cmTC_2d0a2.dir/build
make[1]: Entering directory '/home/kookie/Documents/Projects/c++/lib/opencv/opencv/CMakeFiles/CMakeTmp'
Building C object CMakeFiles/cmTC_2d0a2.dir/CheckFunctionExists.c.o
/usr/bin/cc   -fsigned-char -W -Wall -Werror=return-type -Werror=address -Werror=sequence-point -Wformat -Werror=format-security -Wmissing-declarations -Wmissing-prototypes -Wstrict-prototypes -Wundef -Winit-self -Wpointer-arith -Wshadow -Wuninitialized -Wno-comment -Wimplicit-fallthrough=3 -Wno-strict-overflow -fdiagnostics-show-option -Wno-long-long -pthread -fomit-frame-pointer -ffunction-sections -fdata-sections  -msse -msse2 -msse3 -fvisibility=hidden -DCHECK_FUNCTION_EXISTS=setmode -O3 -DNDEBUG  -DNDEBUG -fPIE   -o CMakeFiles/cmTC_2d0a2.dir/CheckFunctionExists.c.o   -c /usr/share/cmake-3.16/Modules/CheckFunctionExists.c
Linking C executable cmTC_2d0a2
/usr/bin/cmake -E cmake_link_script CMakeFiles/cmTC_2d0a2.dir/link.txt --verbose=1
/usr/bin/cc    -fsigned-char -W -Wall -Werror=return-type -Werror=address -Werror=sequence-point -Wformat -Werror=format-security -Wmissing-declarations -Wmissing-prototypes -Wstrict-prototypes -Wundef -Winit-self -Wpointer-arith -Wshadow -Wuninitialized -Wno-comment -Wimplicit-fallthrough=3 -Wno-strict-overflow -fdiagnostics-show-option -Wno-long-long -pthread -fomit-frame-pointer -ffunction-sections -fdata-sections  -msse -msse2 -msse3 -fvisibility=hidden -DCHECK_FUNCTION_EXISTS=setmode -O3 -DNDEBUG  -DNDEBUG    -Wl,--gc-sections -Wl,--as-needed  CMakeFiles/cmTC_2d0a2.dir/CheckFunctionExists.c.o  -o cmTC_2d0a2 
/usr/bin/ld: CMakeFiles/cmTC_2d0a2.dir/CheckFunctionExists.c.o: in function `main':
CheckFunctionExists.c:(.text.startup.main+0x10): undefined reference to `setmode'
collect2: error: ld returned 1 exit status
make[1]: *** [CMakeFiles/cmTC_2d0a2.dir/build.make:87: cmTC_2d0a2] Error 1
make[1]: Leaving directory '/home/kookie/Documents/Projects/c++/lib/opencv/opencv/CMakeFiles/CMakeTmp'
make: *** [Makefile:121: cmTC_2d0a2/fast] Error 2



Build output check failed:
    Regex: 'command[- ]line option .* is valid for .* but not for C\+\+'
    Output line: 'cc1plus: warning: command line option ‘-Wno-missing-prototypes’ is valid for C/ObjC but not for C++'
Compilation failed:
    source file: '/home/kookie/Documents/Projects/c++/lib/opencv/opencv/CMakeFiles/CMakeTmp/src.cxx'
    check option: ' -Wno-missing-prototypes'
===== BUILD LOG =====
Change Dir: /home/kookie/Documents/Projects/c++/lib/opencv/opencv/CMakeFiles/CMakeTmp

Run Build Command(s):/usr/bin/make cmTC_d195f/fast && /usr/bin/make -f CMakeFiles/cmTC_d195f.dir/build.make CMakeFiles/cmTC_d195f.dir/build
make[1]: Entering directory '/home/kookie/Documents/Projects/c++/lib/opencv/opencv/CMakeFiles/CMakeTmp'
Building CXX object CMakeFiles/cmTC_d195f.dir/src.cxx.o
/usr/bin/c++    -fsigned-char -W -Wall -Werror=return-type -Werror=non-virtual-dtor -Werror=address -Werror=sequence-point -Wformat -Werror=format-security -Wundef -Winit-self -Wpointer-arith -Wshadow -Wsign-promo -Wuninitialized -Wsuggest-override -Wno-delete-non-virtual-dtor -Wno-comment -Wimplicit-fallthrough=3 -Wno-strict-overflow -fdiagnostics-show-option -Wno-long-long -pthread -fomit-frame-pointer -ffunction-sections -fdata-sections  -msse -msse2 -msse3 -fvisibility=hidden -fvisibility-inlines-hidden -Wno-missing-declarations -Wno-unused-parameter  -O3 -DNDEBUG  -DNDEBUG -fPIE    -Wno-missing-prototypes -std=c++11 -o CMakeFiles/cmTC_d195f.dir/src.cxx.o -c /home/kookie/Documents/Projects/c++/lib/opencv/opencv/CMakeFiles/CMakeTmp/src.cxx
cc1plus: warning: command line option ‘-Wno-missing-prototypes’ is valid for C/ObjC but not for C++
/home/kookie/Documents/Projects/c++/lib/opencv/opencv/CMakeFiles/CMakeTmp/src.cxx:1: warning: ignoring #pragma   [-Wunknown-pragmas]
    1 | #pragma
      | 
Linking CXX executable cmTC_d195f
/usr/bin/cmake -E cmake_link_script CMakeFiles/cmTC_d195f.dir/link.txt --verbose=1
/usr/bin/c++     -fsigned-char -W -Wall -Werror=return-type -Werror=non-virtual-dtor -Werror=address -Werror=sequence-point -Wformat -Werror=format-security -Wundef -Winit-self -Wpointer-arith -Wshadow -Wsign-promo -Wuninitialized -Wsuggest-override -Wno-delete-non-virtual-dtor -Wno-comment -Wimplicit-fallthrough=3 -Wno-strict-overflow -fdiagnostics-show-option -Wno-long-long -pthread -fomit-frame-pointer -ffunction-sections -fdata-sections  -msse -msse2 -msse3 -fvisibility=hidden -fvisibility-inlines-hidden -Wno-missing-declarations -Wno-unused-parameter  -O3 -DNDEBUG  -DNDEBUG    -Wl,--gc-sections -Wl,--as-needed  CMakeFiles/cmTC_d195f.dir/src.cxx.o  -o cmTC_d195f 
make[1]: Leaving directory '/home/kookie/Documents/Projects/c++/lib/opencv/opencv/CMakeFiles/CMakeTmp'


===== END =====

Build output check failed:
    Regex: 'unrecognized .*option'
    Output line: 'cc1: warning: unrecognized command line option ‘-Wno-implicit-const-int-float-conversion’'
Compilation failed:
    source file: '/home/kookie/Documents/Projects/c++/lib/opencv/opencv/CMakeFiles/CMakeTmp/src.c'
    check option: ' -Wno-implicit-const-int-float-conversion'
===== BUILD LOG =====
Change Dir: /home/kookie/Documents/Projects/c++/lib/opencv/opencv/CMakeFiles/CMakeTmp

Run Build Command(s):/usr/bin/make cmTC_23ebb/fast && /usr/bin/make -f CMakeFiles/cmTC_23ebb.dir/build.make CMakeFiles/cmTC_23ebb.dir/build
make[1]: Entering directory '/home/kookie/Documents/Projects/c++/lib/opencv/opencv/CMakeFiles/CMakeTmp'
Building C object CMakeFiles/cmTC_23ebb.dir/src.c.o
/usr/bin/cc   -fsigned-char -W -Wall -Werror=return-type -Werror=address -Werror=sequence-point -Wformat -Werror=format-security -Wmissing-declarations -Wmissing-prototypes -Wstrict-prototypes -Wundef -Winit-self -Wpointer-arith -Wshadow -Wuninitialized -Wno-comment -Wimplicit-fallthrough=3 -Wno-strict-overflow -fdiagnostics-show-option -Wno-long-long -pthread -fomit-frame-pointer -ffunction-sections -fdata-sections  -msse -msse2 -msse3 -fvisibility=hidden  -O3 -DNDEBUG  -DNDEBUG -fPIE    -Wno-implicit-const-int-float-conversion -o CMakeFiles/cmTC_23ebb.dir/src.c.o   -c /home/kookie/Documents/Projects/c++/lib/opencv/opencv/CMakeFiles/CMakeTmp/src.c
/home/kookie/Documents/Projects/c++/lib/opencv/opencv/CMakeFiles/CMakeTmp/src.c:1: warning: ignoring #pragma   [-Wunknown-pragmas]
    1 | #pragma
      | 
cc1: warning: unrecognized command line option ‘-Wno-implicit-const-int-float-conversion’
Linking C executable cmTC_23ebb
/usr/bin/cmake -E cmake_link_script CMakeFiles/cmTC_23ebb.dir/link.txt --verbose=1
/usr/bin/cc    -fsigned-char -W -Wall -Werror=return-type -Werror=address -Werror=sequence-point -Wformat -Werror=format-security -Wmissing-declarations -Wmissing-prototypes -Wstrict-prototypes -Wundef -Winit-self -Wpointer-arith -Wshadow -Wuninitialized -Wno-comment -Wimplicit-fallthrough=3 -Wno-strict-overflow -fdiagnostics-show-option -Wno-long-long -pthread -fomit-frame-pointer -ffunction-sections -fdata-sections  -msse -msse2 -msse3 -fvisibility=hidden  -O3 -DNDEBUG  -DNDEBUG    -Wl,--gc-sections -Wl,--as-needed  CMakeFiles/cmTC_23ebb.dir/src.c.o  -o cmTC_23ebb 
make[1]: Leaving directory '/home/kookie/Documents/Projects/c++/lib/opencv/opencv/CMakeFiles/CMakeTmp'


===== END =====

Determining if the _aligned_malloc exist failed with the following output:
Change Dir: /home/kookie/Documents/Projects/c++/lib/opencv/opencv/CMakeFiles/CMakeTmp

Run Build Command(s):/usr/bin/make cmTC_a8eff/fast && /usr/bin/make -f CMakeFiles/cmTC_a8eff.dir/build.make CMakeFiles/cmTC_a8eff.dir/build
make[1]: Entering directory '/home/kookie/Documents/Projects/c++/lib/opencv/opencv/CMakeFiles/CMakeTmp'
Building C object CMakeFiles/cmTC_a8eff.dir/CheckSymbolExists.c.o
/usr/bin/cc   -fsigned-char -W -Wall -Werror=return-type -Werror=address -Werror=sequence-point -Wformat -Werror=format-security -Wmissing-declarations -Wmissing-prototypes -Wstrict-prototypes -Wundef -Winit-self -Wpointer-arith -Wshadow -Wuninitialized -Wno-comment -Wimplicit-fallthrough=3 -Wno-strict-overflow -fdiagnostics-show-option -Wno-long-long -pthread -fomit-frame-pointer -ffunction-sections -fdata-sections  -msse -msse2 -msse3 -fvisibility=hidden  -O3 -DNDEBUG  -DNDEBUG -fPIE   -o CMakeFiles/cmTC_a8eff.dir/CheckSymbolExists.c.o   -c /home/kookie/Documents/Projects/c++/lib/opencv/opencv/CMakeFiles/CMakeTmp/CheckSymbolExists.c
/home/kookie/Documents/Projects/c++/lib/opencv/opencv/CMakeFiles/CMakeTmp/CheckSymbolExists.c: In function ‘main’:
/home/kookie/Documents/Projects/c++/lib/opencv/opencv/CMakeFiles/CMakeTmp/CheckSymbolExists.c:8:19: error: ‘_aligned_malloc’ undeclared (first use in this function)
    8 |   return ((int*)(&_aligned_malloc))[argc];
      |                   ^~~~~~~~~~~~~~~
/home/kookie/Documents/Projects/c++/lib/opencv/opencv/CMakeFiles/CMakeTmp/CheckSymbolExists.c:8:19: note: each undeclared identifier is reported only once for each function it appears in
/home/kookie/Documents/Projects/c++/lib/opencv/opencv/CMakeFiles/CMakeTmp/CheckSymbolExists.c:4:14: warning: parameter ‘argc’ set but not used [-Wunused-but-set-parameter]
    4 | int main(int argc, char** argv)
      |          ~~~~^~~~
make[1]: *** [CMakeFiles/cmTC_a8eff.dir/build.make:66: CMakeFiles/cmTC_a8eff.dir/CheckSymbolExists.c.o] Error 1
make[1]: Leaving directory '/home/kookie/Documents/Projects/c++/lib/opencv/opencv/CMakeFiles/CMakeTmp'
make: *** [Makefile:121: cmTC_a8eff/fast] Error 2


File /home/kookie/Documents/Projects/c++/lib/opencv/opencv/CMakeFiles/CMakeTmp/CheckSymbolExists.c:
/* */
#include <malloc.h>

int main(int argc, char** argv)
{
  (void)argv;
#ifndef _aligned_malloc
  return ((int*)(&_aligned_malloc))[argc];
#else
  (void)argc;
  return 0;
#endif
}
Build output check failed:
    Regex: 'unrecognized .*option'
    Output line: 'cc1plus: warning: unrecognized command line option ‘-Wno-inconsistent-missing-override’'
Compilation failed:
    source file: '/home/kookie/Documents/Projects/c++/lib/opencv/opencv/CMakeFiles/CMakeTmp/src.cxx'
    check option: ' -Wno-inconsistent-missing-override'
===== BUILD LOG =====
Change Dir: /home/kookie/Documents/Projects/c++/lib/opencv/opencv/CMakeFiles/CMakeTmp

Run Build Command(s):/usr/bin/make cmTC_5ba7d/fast && /usr/bin/make -f CMakeFiles/cmTC_5ba7d.dir/build.make CMakeFiles/cmTC_5ba7d.dir/build
make[1]: Entering directory '/home/kookie/Documents/Projects/c++/lib/opencv/opencv/CMakeFiles/CMakeTmp'
Building CXX object CMakeFiles/cmTC_5ba7d.dir/src.cxx.o
/usr/bin/c++    -fsigned-char -W -Wall -Werror=return-type -Werror=non-virtual-dtor -Werror=address -Werror=sequence-point -Wformat -Werror=format-security -Winit-self -Wpointer-arith -Wsign-promo -Wno-delete-non-virtual-dtor -Wno-comment -Wimplicit-fallthrough=3 -Wno-strict-overflow -fdiagnostics-show-option -Wno-long-long -pthread -fomit-frame-pointer -ffunction-sections -fdata-sections  -msse -msse2 -msse3 -fvisibility=hidden -fvisibility-inlines-hidden -Wno-shadow -Wno-unused -Wno-sign-compare -Wno-undef -Wno-missing-declarations -Wno-uninitialized -Wno-switch -Wno-parentheses -Wno-array-bounds -Wno-extra -Wno-deprecated-declarations -Wno-misleading-indentation -Wno-deprecated -Wno-suggest-override  -O3 -DNDEBUG  -DNDEBUG -fPIE    -Wno-inconsistent-missing-override -std=c++11 -o CMakeFiles/cmTC_5ba7d.dir/src.cxx.o -c /home/kookie/Documents/Projects/c++/lib/opencv/opencv/CMakeFiles/CMakeTmp/src.cxx
/home/kookie/Documents/Projects/c++/lib/opencv/opencv/CMakeFiles/CMakeTmp/src.cxx:1: warning: ignoring #pragma   [-Wunknown-pragmas]
    1 | #pragma
      | 
cc1plus: warning: unrecognized command line option ‘-Wno-inconsistent-missing-override’
Linking CXX executable cmTC_5ba7d
/usr/bin/cmake -E cmake_link_script CMakeFiles/cmTC_5ba7d.dir/link.txt --verbose=1
/usr/bin/c++     -fsigned-char -W -Wall -Werror=return-type -Werror=non-virtual-dtor -Werror=address -Werror=sequence-point -Wformat -Werror=format-security -Winit-self -Wpointer-arith -Wsign-promo -Wno-delete-non-virtual-dtor -Wno-comment -Wimplicit-fallthrough=3 -Wno-strict-overflow -fdiagnostics-show-option -Wno-long-long -pthread -fomit-frame-pointer -ffunction-sections -fdata-sections  -msse -msse2 -msse3 -fvisibility=hidden -fvisibility-inlines-hidden -Wno-shadow -Wno-unused -Wno-sign-compare -Wno-undef -Wno-missing-declarations -Wno-uninitialized -Wno-switch -Wno-parentheses -Wno-array-bounds -Wno-extra -Wno-deprecated-declarations -Wno-misleading-indentation -Wno-deprecated -Wno-suggest-override  -O3 -DNDEBUG  -DNDEBUG    -Wl,--gc-sections -Wl,--as-needed  CMakeFiles/cmTC_5ba7d.dir/src.cxx.o  -o cmTC_5ba7d 
make[1]: Leaving directory '/home/kookie/Documents/Projects/c++/lib/opencv/opencv/CMakeFiles/CMakeTmp'


===== END =====

Build output check failed:
    Regex: 'unrecognized .*option'
    Output line: 'cc1plus: warning: unrecognized command line option ‘-Wno-implicit-const-int-float-conversion’'
Compilation failed:
    source file: '/home/kookie/Documents/Projects/c++/lib/opencv/opencv/CMakeFiles/CMakeTmp/src.cxx'
    check option: ' -Wno-implicit-const-int-float-conversion'
===== BUILD LOG =====
Change Dir: /home/kookie/Documents/Projects/c++/lib/opencv/opencv/CMakeFiles/CMakeTmp

Run Build Command(s):/usr/bin/make cmTC_7a6da/fast && /usr/bin/make -f CMakeFiles/cmTC_7a6da.dir/build.make CMakeFiles/cmTC_7a6da.dir/build
make[1]: Entering directory '/home/kookie/Documents/Projects/c++/lib/opencv/opencv/CMakeFiles/CMakeTmp'
Building CXX object CMakeFiles/cmTC_7a6da.dir/src.cxx.o
/usr/bin/c++    -fsigned-char -W -Wall -Werror=return-type -Werror=non-virtual-dtor -Werror=address -Werror=sequence-point -Wformat -Werror=format-security -Winit-self -Wpointer-arith -Wsign-promo -Wno-delete-non-virtual-dtor -Wno-comment -Wno-strict-overflow -fdiagnostics-show-option -Wno-long-long -pthread -fomit-frame-pointer -ffunction-sections -fdata-sections  -msse -msse2 -msse3 -fvisibility=hidden -fvisibility-inlines-hidden -Wno-shadow -Wno-unused -Wno-sign-compare -Wno-undef -Wno-missing-declarations -Wno-uninitialized -Wno-switch -Wno-parentheses -Wno-array-bounds -Wno-extra -Wno-deprecated-declarations -Wno-misleading-indentation -Wno-deprecated -Wno-suggest-override -Wno-implicit-fallthrough -Wno-tautological-compare -Wno-reorder -Wno-unused-result  -O3 -DNDEBUG  -DNDEBUG -fPIE    -Wno-implicit-const-int-float-conversion -std=c++11 -o CMakeFiles/cmTC_7a6da.dir/src.cxx.o -c /home/kookie/Documents/Projects/c++/lib/opencv/opencv/CMakeFiles/CMakeTmp/src.cxx
/home/kookie/Documents/Projects/c++/lib/opencv/opencv/CMakeFiles/CMakeTmp/src.cxx:1: warning: ignoring #pragma   [-Wunknown-pragmas]
    1 | #pragma
      | 
cc1plus: warning: unrecognized command line option ‘-Wno-implicit-const-int-float-conversion’
Linking CXX executable cmTC_7a6da
/usr/bin/cmake -E cmake_link_script CMakeFiles/cmTC_7a6da.dir/link.txt --verbose=1
/usr/bin/c++     -fsigned-char -W -Wall -Werror=return-type -Werror=non-virtual-dtor -Werror=address -Werror=sequence-point -Wformat -Werror=format-security -Winit-self -Wpointer-arith -Wsign-promo -Wno-delete-non-virtual-dtor -Wno-comment -Wno-strict-overflow -fdiagnostics-show-option -Wno-long-long -pthread -fomit-frame-pointer -ffunction-sections -fdata-sections  -msse -msse2 -msse3 -fvisibility=hidden -fvisibility-inlines-hidden -Wno-shadow -Wno-unused -Wno-sign-compare -Wno-undef -Wno-missing-declarations -Wno-uninitialized -Wno-switch -Wno-parentheses -Wno-array-bounds -Wno-extra -Wno-deprecated-declarations -Wno-misleading-indentation -Wno-deprecated -Wno-suggest-override -Wno-implicit-fallthrough -Wno-tautological-compare -Wno-reorder -Wno-unused-result  -O3 -DNDEBUG  -DNDEBUG    -Wl,--gc-sections -Wl,--as-needed  CMakeFiles/cmTC_7a6da.dir/src.cxx.o  -o cmTC_7a6da 
make[1]: Leaving directory '/home/kookie/Documents/Projects/c++/lib/opencv/opencv/CMakeFiles/CMakeTmp'


===== END =====

Determining if the function sgemm_ exists failed with the following output:
Change Dir: /home/kookie/Documents/Projects/c++/lib/opencv/opencv/CMakeFiles/CMakeTmp

Run Build Command(s):/usr/bin/make cmTC_ff994/fast && /usr/bin/make -f CMakeFiles/cmTC_ff994.dir/build.make CMakeFiles/cmTC_ff994.dir/build
make[1]: Entering directory '/home/kookie/Documents/Projects/c++/lib/opencv/opencv/CMakeFiles/CMakeTmp'
Building C object CMakeFiles/cmTC_ff994.dir/CheckFunctionExists.c.o
/usr/bin/cc   -fsigned-char -W -Wall -Werror=return-type -Werror=address -Werror=sequence-point -Wformat -Werror=format-security -Wmissing-declarations -Wmissing-prototypes -Wstrict-prototypes -Wundef -Winit-self -Wpointer-arith -Wshadow -Wuninitialized -Wno-comment -Wimplicit-fallthrough=3 -Wno-strict-overflow -fdiagnostics-show-option -Wno-long-long -pthread -fomit-frame-pointer -ffunction-sections -fdata-sections  -msse -msse2 -msse3 -fvisibility=hidden -DCHECK_FUNCTION_EXISTS=sgemm_ -O3 -DNDEBUG  -DNDEBUG -fPIE   -o CMakeFiles/cmTC_ff994.dir/CheckFunctionExists.c.o   -c /usr/share/cmake-3.16/Modules/CheckFunctionExists.c
Linking C executable cmTC_ff994
/usr/bin/cmake -E cmake_link_script CMakeFiles/cmTC_ff994.dir/link.txt --verbose=1
/usr/bin/cc    -fsigned-char -W -Wall -Werror=return-type -Werror=address -Werror=sequence-point -Wformat -Werror=format-security -Wmissing-declarations -Wmissing-prototypes -Wstrict-prototypes -Wundef -Winit-self -Wpointer-arith -Wshadow -Wuninitialized -Wno-comment -Wimplicit-fallthrough=3 -Wno-strict-overflow -fdiagnostics-show-option -Wno-long-long -pthread -fomit-frame-pointer -ffunction-sections -fdata-sections  -msse -msse2 -msse3 -fvisibility=hidden -DCHECK_FUNCTION_EXISTS=sgemm_ -O3 -DNDEBUG  -DNDEBUG    -Wl,--gc-sections -Wl,--as-needed  CMakeFiles/cmTC_ff994.dir/CheckFunctionExists.c.o  -o cmTC_ff994 
/usr/bin/ld: CMakeFiles/cmTC_ff994.dir/CheckFunctionExists.c.o: in function `main':
CheckFunctionExists.c:(.text.startup.main+0x10): undefined reference to `sgemm_'
collect2: error: ld returned 1 exit status
make[1]: *** [CMakeFiles/cmTC_ff994.dir/build.make:87: cmTC_ff994] Error 1
make[1]: Leaving directory '/home/kookie/Documents/Projects/c++/lib/opencv/opencv/CMakeFiles/CMakeTmp'
make: *** [Makefile:121: cmTC_ff994/fast] Error 2



Build output check failed:
    Regex: 'unrecognized .*option'
    Output line: 'cc1plus: warning: unrecognized command line option ‘-Wno-tautological-undefined-compare’'
Compilation failed:
    source file: '/home/kookie/Documents/Projects/c++/lib/opencv/opencv/CMakeFiles/CMakeTmp/src.cxx'
    check option: ' -Wno-tautological-undefined-compare'
===== BUILD LOG =====
Change Dir: /home/kookie/Documents/Projects/c++/lib/opencv/opencv/CMakeFiles/CMakeTmp

Run Build Command(s):/usr/bin/make cmTC_b250c/fast && /usr/bin/make -f CMakeFiles/cmTC_b250c.dir/build.make CMakeFiles/cmTC_b250c.dir/build
make[1]: Entering directory '/home/kookie/Documents/Projects/c++/lib/opencv/opencv/CMakeFiles/CMakeTmp'
Building CXX object CMakeFiles/cmTC_b250c.dir/src.cxx.o
/usr/bin/c++    -fsigned-char -W -Wall -Werror=return-type -Werror=non-virtual-dtor -Werror=address -Werror=sequence-point -Wformat -Werror=format-security -Winit-self -Wpointer-arith -Wuninitialized -Wsuggest-override -Wno-delete-non-virtual-dtor -Wno-comment -Wimplicit-fallthrough=3 -Wno-strict-overflow -fdiagnostics-show-option -Wno-long-long -pthread -fomit-frame-pointer -ffunction-sections -fdata-sections  -msse -msse2 -msse3 -fvisibility=hidden -fvisibility-inlines-hidden -Wno-deprecated -Wno-missing-declarations -Wno-shadow -Wno-unused-parameter -Wno-unused-local-typedefs -Wno-sign-compare -Wno-sign-promo -Wno-undef  -O3 -DNDEBUG  -DNDEBUG -fPIE    -Wno-tautological-undefined-compare -std=c++11 -o CMakeFiles/cmTC_b250c.dir/src.cxx.o -c /home/kookie/Documents/Projects/c++/lib/opencv/opencv/CMakeFiles/CMakeTmp/src.cxx
/home/kookie/Documents/Projects/c++/lib/opencv/opencv/CMakeFiles/CMakeTmp/src.cxx:1: warning: ignoring #pragma   [-Wunknown-pragmas]
    1 | #pragma
      | 
cc1plus: warning: unrecognized command line option ‘-Wno-tautological-undefined-compare’
Linking CXX executable cmTC_b250c
/usr/bin/cmake -E cmake_link_script CMakeFiles/cmTC_b250c.dir/link.txt --verbose=1
/usr/bin/c++     -fsigned-char -W -Wall -Werror=return-type -Werror=non-virtual-dtor -Werror=address -Werror=sequence-point -Wformat -Werror=format-security -Winit-self -Wpointer-arith -Wuninitialized -Wsuggest-override -Wno-delete-non-virtual-dtor -Wno-comment -Wimplicit-fallthrough=3 -Wno-strict-overflow -fdiagnostics-show-option -Wno-long-long -pthread -fomit-frame-pointer -ffunction-sections -fdata-sections  -msse -msse2 -msse3 -fvisibility=hidden -fvisibility-inlines-hidden -Wno-deprecated -Wno-missing-declarations -Wno-shadow -Wno-unused-parameter -Wno-unused-local-typedefs -Wno-sign-compare -Wno-sign-promo -Wno-undef  -O3 -DNDEBUG  -DNDEBUG    -Wl,--gc-sections -Wl,--as-needed  CMakeFiles/cmTC_b250c.dir/src.cxx.o  -o cmTC_b250c 
make[1]: Leaving directory '/home/kookie/Documents/Projects/c++/lib/opencv/opencv/CMakeFiles/CMakeTmp'


===== END =====

Build output check failed:
    Regex: 'unrecognized .*option'
    Output line: 'cc1plus: warning: unrecognized command line option ‘-Wno-shorten-64-to-32’'
Compilation failed:
    source file: '/home/kookie/Documents/Projects/c++/lib/opencv/opencv/CMakeFiles/CMakeTmp/src.cxx'
    check option: ' -Wno-shorten-64-to-32'
===== BUILD LOG =====
Change Dir: /home/kookie/Documents/Projects/c++/lib/opencv/opencv/CMakeFiles/CMakeTmp

Run Build Command(s):/usr/bin/make cmTC_8ca5b/fast && /usr/bin/make -f CMakeFiles/cmTC_8ca5b.dir/build.make CMakeFiles/cmTC_8ca5b.dir/build
make[1]: Entering directory '/home/kookie/Documents/Projects/c++/lib/opencv/opencv/CMakeFiles/CMakeTmp'
Building CXX object CMakeFiles/cmTC_8ca5b.dir/src.cxx.o
/usr/bin/c++    -fsigned-char -W -Wall -Werror=return-type -Werror=non-virtual-dtor -Werror=address -Werror=sequence-point -Wformat -Werror=format-security -Winit-self -Wpointer-arith -Wuninitialized -Wsuggest-override -Wno-delete-non-virtual-dtor -Wno-comment -Wimplicit-fallthrough=3 -Wno-strict-overflow -fdiagnostics-show-option -Wno-long-long -pthread -fomit-frame-pointer -ffunction-sections -fdata-sections  -msse -msse2 -msse3 -fvisibility=hidden -fvisibility-inlines-hidden -Wno-deprecated -Wno-missing-declarations -Wno-shadow -Wno-unused-parameter -Wno-unused-local-typedefs -Wno-sign-compare -Wno-sign-promo -Wno-undef -Wno-ignored-qualifiers -Wno-extra -Wno-unused-function -Wno-unused-const-variable  -O3 -DNDEBUG  -DNDEBUG -fPIE    -Wno-shorten-64-to-32 -std=c++11 -o CMakeFiles/cmTC_8ca5b.dir/src.cxx.o -c /home/kookie/Documents/Projects/c++/lib/opencv/opencv/CMakeFiles/CMakeTmp/src.cxx
/home/kookie/Documents/Projects/c++/lib/opencv/opencv/CMakeFiles/CMakeTmp/src.cxx:1: warning: ignoring #pragma   [-Wunknown-pragmas]
    1 | #pragma
      | 
cc1plus: warning: unrecognized command line option ‘-Wno-shorten-64-to-32’
Linking CXX executable cmTC_8ca5b
/usr/bin/cmake -E cmake_link_script CMakeFiles/cmTC_8ca5b.dir/link.txt --verbose=1
/usr/bin/c++     -fsigned-char -W -Wall -Werror=return-type -Werror=non-virtual-dtor -Werror=address -Werror=sequence-point -Wformat -Werror=format-security -Winit-self -Wpointer-arith -Wuninitialized -Wsuggest-override -Wno-delete-non-virtual-dtor -Wno-comment -Wimplicit-fallthrough=3 -Wno-strict-overflow -fdiagnostics-show-option -Wno-long-long -pthread -fomit-frame-pointer -ffunction-sections -fdata-sections  -msse -msse2 -msse3 -fvisibility=hidden -fvisibility-inlines-hidden -Wno-deprecated -Wno-missing-declarations -Wno-shadow -Wno-unused-parameter -Wno-unused-local-typedefs -Wno-sign-compare -Wno-sign-promo -Wno-undef -Wno-ignored-qualifiers -Wno-extra -Wno-unused-function -Wno-unused-const-variable  -O3 -DNDEBUG  -DNDEBUG    -Wl,--gc-sections -Wl,--as-needed  CMakeFiles/cmTC_8ca5b.dir/src.cxx.o  -o cmTC_8ca5b 
make[1]: Leaving directory '/home/kookie/Documents/Projects/c++/lib/opencv/opencv/CMakeFiles/CMakeTmp'


===== END =====

Build output check failed:
    Regex: 'unrecognized .*option'
    Output line: 'cc1plus: warning: unrecognized command line option ‘-Wno-enum-compare-switch’'
Compilation failed:
    source file: '/home/kookie/Documents/Projects/c++/lib/opencv/opencv/CMakeFiles/CMakeTmp/src.cxx'
    check option: ' -Wno-enum-compare-switch'
===== BUILD LOG =====
Change Dir: /home/kookie/Documents/Projects/c++/lib/opencv/opencv/CMakeFiles/CMakeTmp

Run Build Command(s):/usr/bin/make cmTC_c6bc2/fast && /usr/bin/make -f CMakeFiles/cmTC_c6bc2.dir/build.make CMakeFiles/cmTC_c6bc2.dir/build
make[1]: Entering directory '/home/kookie/Documents/Projects/c++/lib/opencv/opencv/CMakeFiles/CMakeTmp'
Building CXX object CMakeFiles/cmTC_c6bc2.dir/src.cxx.o
/usr/bin/c++    -fsigned-char -W -Wall -Werror=return-type -Werror=non-virtual-dtor -Werror=address -Werror=sequence-point -Wformat -Werror=format-security -Winit-self -Wpointer-arith -Wuninitialized -Wsuggest-override -Wno-delete-non-virtual-dtor -Wno-comment -Wimplicit-fallthrough=3 -Wno-strict-overflow -fdiagnostics-show-option -Wno-long-long -pthread -fomit-frame-pointer -ffunction-sections -fdata-sections  -msse -msse2 -msse3 -fvisibility=hidden -fvisibility-inlines-hidden -Wno-deprecated -Wno-missing-declarations -Wno-shadow -Wno-unused-parameter -Wno-unused-local-typedefs -Wno-sign-compare -Wno-sign-promo -Wno-undef -Wno-ignored-qualifiers -Wno-extra -Wno-unused-function -Wno-unused-const-variable -Wno-invalid-offsetof  -O3 -DNDEBUG  -DNDEBUG -fPIE    -Wno-enum-compare-switch -std=c++11 -o CMakeFiles/cmTC_c6bc2.dir/src.cxx.o -c /home/kookie/Documents/Projects/c++/lib/opencv/opencv/CMakeFiles/CMakeTmp/src.cxx
/home/kookie/Documents/Projects/c++/lib/opencv/opencv/CMakeFiles/CMakeTmp/src.cxx:1: warning: ignoring #pragma   [-Wunknown-pragmas]
    1 | #pragma
      | 
cc1plus: warning: unrecognized command line option ‘-Wno-enum-compare-switch’
Linking CXX executable cmTC_c6bc2
/usr/bin/cmake -E cmake_link_script CMakeFiles/cmTC_c6bc2.dir/link.txt --verbose=1
/usr/bin/c++     -fsigned-char -W -Wall -Werror=return-type -Werror=non-virtual-dtor -Werror=address -Werror=sequence-point -Wformat -Werror=format-security -Winit-self -Wpointer-arith -Wuninitialized -Wsuggest-override -Wno-delete-non-virtual-dtor -Wno-comment -Wimplicit-fallthrough=3 -Wno-strict-overflow -fdiagnostics-show-option -Wno-long-long -pthread -fomit-frame-pointer -ffunction-sections -fdata-sections  -msse -msse2 -msse3 -fvisibility=hidden -fvisibility-inlines-hidden -Wno-deprecated -Wno-missing-declarations -Wno-shadow -Wno-unused-parameter -Wno-unused-local-typedefs -Wno-sign-compare -Wno-sign-promo -Wno-undef -Wno-ignored-qualifiers -Wno-extra -Wno-unused-function -Wno-unused-const-variable -Wno-invalid-offsetof  -O3 -DNDEBUG  -DNDEBUG    -Wl,--gc-sections -Wl,--as-needed  CMakeFiles/cmTC_c6bc2.dir/src.cxx.o  -o cmTC_c6bc2 
make[1]: Leaving directory '/home/kookie/Documents/Projects/c++/lib/opencv/opencv/CMakeFiles/CMakeTmp'


===== END =====

Determining if the include file sys/videoio.h exists failed with the following output:
Change Dir: /home/kookie/Documents/Projects/c++/lib/opencv/opencv/CMakeFiles/CMakeTmp

Run Build Command(s):/usr/bin/make cmTC_c4bbc/fast && /usr/bin/make -f CMakeFiles/cmTC_c4bbc.dir/build.make CMakeFiles/cmTC_c4bbc.dir/build
make[1]: Entering directory '/home/kookie/Documents/Projects/c++/lib/opencv/opencv/CMakeFiles/CMakeTmp'
Building C object CMakeFiles/cmTC_c4bbc.dir/CheckIncludeFile.c.o
/usr/bin/cc   -fsigned-char -W -Wall -Werror=return-type -Werror=address -Werror=sequence-point -Wformat -Werror=format-security -Wmissing-declarations -Wmissing-prototypes -Wstrict-prototypes -Wundef -Winit-self -Wpointer-arith -Wshadow -Wuninitialized -Wno-comment -Wimplicit-fallthrough=3 -Wno-strict-overflow -fdiagnostics-show-option -Wno-long-long -pthread -fomit-frame-pointer -ffunction-sections -fdata-sections  -msse -msse2 -msse3 -fvisibility=hidden  -O3 -DNDEBUG  -DNDEBUG -fPIE   -o CMakeFiles/cmTC_c4bbc.dir/CheckIncludeFile.c.o   -c /home/kookie/Documents/Projects/c++/lib/opencv/opencv/CMakeFiles/CMakeTmp/CheckIncludeFile.c
/home/kookie/Documents/Projects/c++/lib/opencv/opencv/CMakeFiles/CMakeTmp/CheckIncludeFile.c:1:10: fatal error: sys/videoio.h: No such file or directory
    1 | #include <sys/videoio.h>
      |          ^~~~~~~~~~~~~~~
compilation terminated.
make[1]: *** [CMakeFiles/cmTC_c4bbc.dir/build.make:66: CMakeFiles/cmTC_c4bbc.dir/CheckIncludeFile.c.o] Error 1
make[1]: Leaving directory '/home/kookie/Documents/Projects/c++/lib/opencv/opencv/CMakeFiles/CMakeTmp'
make: *** [Makefile:121: cmTC_c4bbc/fast] Error 2



Build output check failed:
    Regex: 'unrecognized .*option'
    Output line: 'cc1plus: warning: unrecognized command line option ‘-Wno-unused-private-field’'
Compilation failed:
    source file: '/home/kookie/Documents/Projects/c++/lib/opencv/opencv/CMakeFiles/CMakeTmp/src.cxx'
    check option: ' -Wno-unused-private-field'
===== BUILD LOG =====
Change Dir: /home/kookie/Documents/Projects/c++/lib/opencv/opencv/CMakeFiles/CMakeTmp

Run Build Command(s):/usr/bin/make cmTC_e043a/fast && /usr/bin/make -f CMakeFiles/cmTC_e043a.dir/build.make CMakeFiles/cmTC_e043a.dir/build
make[1]: Entering directory '/home/kookie/Documents/Projects/c++/lib/opencv/opencv/CMakeFiles/CMakeTmp'
Building CXX object CMakeFiles/cmTC_e043a.dir/src.cxx.o
/usr/bin/c++    -fsigned-char -W -Wall -Werror=return-type -Werror=non-virtual-dtor -Werror=address -Werror=sequence-point -Wformat -Werror=format-security -Wmissing-declarations -Wundef -Winit-self -Wpointer-arith -Wshadow -Wsign-promo -Wuninitialized -Wsuggest-override -Wno-delete-non-virtual-dtor -Wno-comment -Wimplicit-fallthrough=3 -Wno-strict-overflow -fdiagnostics-show-option -Wno-long-long -pthread -fomit-frame-pointer -ffunction-sections -fdata-sections  -msse -msse2 -msse3 -fvisibility=hidden -fvisibility-inlines-hidden -Wno-unused-function -Wno-deprecated-declarations -Wno-overloaded-virtual  -O3 -DNDEBUG  -DNDEBUG -fPIE    -Wno-unused-private-field -std=c++11 -o CMakeFiles/cmTC_e043a.dir/src.cxx.o -c /home/kookie/Documents/Projects/c++/lib/opencv/opencv/CMakeFiles/CMakeTmp/src.cxx
/home/kookie/Documents/Projects/c++/lib/opencv/opencv/CMakeFiles/CMakeTmp/src.cxx:1: warning: ignoring #pragma   [-Wunknown-pragmas]
    1 | #pragma
      | 
cc1plus: warning: unrecognized command line option ‘-Wno-unused-private-field’
Linking CXX executable cmTC_e043a
/usr/bin/cmake -E cmake_link_script CMakeFiles/cmTC_e043a.dir/link.txt --verbose=1
/usr/bin/c++     -fsigned-char -W -Wall -Werror=return-type -Werror=non-virtual-dtor -Werror=address -Werror=sequence-point -Wformat -Werror=format-security -Wmissing-declarations -Wundef -Winit-self -Wpointer-arith -Wshadow -Wsign-promo -Wuninitialized -Wsuggest-override -Wno-delete-non-virtual-dtor -Wno-comment -Wimplicit-fallthrough=3 -Wno-strict-overflow -fdiagnostics-show-option -Wno-long-long -pthread -fomit-frame-pointer -ffunction-sections -fdata-sections  -msse -msse2 -msse3 -fvisibility=hidden -fvisibility-inlines-hidden -Wno-unused-function -Wno-deprecated-declarations -Wno-overloaded-virtual  -O3 -DNDEBUG  -DNDEBUG    -Wl,--gc-sections -Wl,--as-needed  CMakeFiles/cmTC_e043a.dir/src.cxx.o  -o cmTC_e043a 
make[1]: Leaving directory '/home/kookie/Documents/Projects/c++/lib/opencv/opencv/CMakeFiles/CMakeTmp'


===== END =====

